kotlin version: 2.1.20
error message: The daemon has terminated unexpectedly on startup attempt #1 with exit code: 1. The daemon process output:
    1. Exception in thread "main" java.lang.NoClassDefFoundError: org/jetbrains/kotlin/cli/common/CompilerSystemProperties
    2. 	at org.jetbrains.kotlin.daemon.KotlinCompileDaemonBase.<init>(KotlinCompileDaemon.kt:52)
    3. 	at org.jetbrains.kotlin.daemon.KotlinCompileDaemon.<init>(KotlinCompileDaemon.kt:183)
    4. 	at org.jetbrains.kotlin.daemon.KotlinCompileDaemon.<clinit>(KotlinCompileDaemon.kt)
    5. Caused by: java.lang.ClassNotFoundException: org.jetbrains.kotlin.cli.common.CompilerSystemProperties
    6. 	at java.base/jdk.internal.loader.BuiltinClassLoader.loadClass(Unknown Source)
    7. 	at java.base/jdk.internal.loader.ClassLoaders$AppClassLoader.loadClass(Unknown Source)
    8. 	at java.base/java.lang.ClassLoader.loadClass(Unknown Source)
    9. 	... 3 more
The daemon didn't produce the message "Kotlin compile daemon is ready" during startup.

error message: The daemon has terminated unexpectedly on startup attempt #2 with exit code: 1. The daemon process output:
    1. Exception in thread "main" java.lang.NoClassDefFoundError: org/jetbrains/kotlin/cli/common/CompilerSystemProperties
    2. 	at org.jetbrains.kotlin.daemon.KotlinCompileDaemonBase.<init>(KotlinCompileDaemon.kt:52)
    3. 	at org.jetbrains.kotlin.daemon.KotlinCompileDaemon.<init>(KotlinCompileDaemon.kt:183)
    4. 	at org.jetbrains.kotlin.daemon.KotlinCompileDaemon.<clinit>(KotlinCompileDaemon.kt)
    5. Caused by: java.lang.ClassNotFoundException: org.jetbrains.kotlin.cli.common.CompilerSystemProperties
    6. 	at java.base/jdk.internal.loader.BuiltinClassLoader.loadClass(Unknown Source)
    7. 	at java.base/jdk.internal.loader.ClassLoaders$AppClassLoader.loadClass(Unknown Source)
    8. 	at java.base/java.lang.ClassLoader.loadClass(Unknown Source)
    9. 	... 3 more
Problems may have occurred during auto-selection of GC. The preferred GC is Parallel GC.
If the problems persist, try adding the JVM option to the Kotlin daemon JVM arguments: -XX:-UseParallelGC.
GC auto-selection logic is disabled temporary for the next daemon startup.
The daemon didn't produce the message "Kotlin compile daemon is ready" during startup.

error message: The daemon has terminated unexpectedly on startup attempt #3 with exit code: 1. The daemon process output:
    1. Exception in thread "main" java.lang.NoClassDefFoundError: org/jetbrains/kotlin/cli/common/CompilerSystemProperties
    2. 	at org.jetbrains.kotlin.daemon.KotlinCompileDaemonBase.<init>(KotlinCompileDaemon.kt:52)
    3. 	at org.jetbrains.kotlin.daemon.KotlinCompileDaemon.<init>(KotlinCompileDaemon.kt:183)
    4. 	at org.jetbrains.kotlin.daemon.KotlinCompileDaemon.<clinit>(KotlinCompileDaemon.kt)
    5. Caused by: java.lang.ClassNotFoundException: org.jetbrains.kotlin.cli.common.CompilerSystemProperties
    6. 	at java.base/jdk.internal.loader.BuiltinClassLoader.loadClass(Unknown Source)
    7. 	at java.base/jdk.internal.loader.ClassLoaders$AppClassLoader.loadClass(Unknown Source)
    8. 	at java.base/java.lang.ClassLoader.loadClass(Unknown Source)
    9. 	... 3 more
The daemon didn't produce the message "Kotlin compile daemon is ready" during startup.

error message: Failed connecting to the daemon in 4 retries

error message: Daemon compilation failed: Could not connect to Kotlin compile daemon
java.lang.RuntimeException: Could not connect to Kotlin compile daemon
	at org.jetbrains.kotlin.compilerRunner.GradleKotlinCompilerWork.compileWithDaemon(GradleKotlinCompilerWork.kt:214)
	at org.jetbrains.kotlin.compilerRunner.GradleKotlinCompilerWork.compileWithDaemonOrFallbackImpl(GradleKotlinCompilerWork.kt:159)
	at org.jetbrains.kotlin.compilerRunner.GradleKotlinCompilerWork.run(GradleKotlinCompilerWork.kt:111)
	at org.jetbrains.kotlin.compilerRunner.GradleCompilerRunnerWithWorkers$GradleKotlinCompilerWorkAction.execute(GradleCompilerRunnerWithWorkers.kt:76)
	at org.gradle.workers.internal.DefaultWorkerServer.execute(DefaultWorkerServer.java:63)
	at org.gradle.workers.internal.NoIsolationWorkerFactory$1$1.create(NoIsolationWorkerFactory.java:66)
	at org.gradle.workers.internal.NoIsolationWorkerFactory$1$1.create(NoIsolationWorkerFactory.java:62)
	at org.gradle.internal.classloader.ClassLoaderUtils.executeInClassloader(ClassLoaderUtils.java:100)
	at org.gradle.workers.internal.NoIsolationWorkerFactory$1.lambda$execute$0(NoIsolationWorkerFactory.java:62)
	at org.gradle.workers.internal.AbstractWorker$1.call(AbstractWorker.java:44)
	at org.gradle.workers.internal.AbstractWorker$1.call(AbstractWorker.java:41)
	at org.gradle.internal.operations.DefaultBuildOperationRunner$CallableBuildOperationWorker.execute(DefaultBuildOperationRunner.java:210)
	at org.gradle.internal.operations.DefaultBuildOperationRunner$CallableBuildOperationWorker.execute(DefaultBuildOperationRunner.java:205)
	at org.gradle.internal.operations.DefaultBuildOperationRunner$2.execute(DefaultBuildOperationRunner.java:67)
	at org.gradle.internal.operations.DefaultBuildOperationRunner$2.execute(DefaultBuildOperationRunner.java:60)
	at org.gradle.internal.operations.DefaultBuildOperationRunner.execute(DefaultBuildOperationRunner.java:167)
	at org.gradle.internal.operations.DefaultBuildOperationRunner.execute(DefaultBuildOperationRunner.java:60)
	at org.gradle.internal.operations.DefaultBuildOperationRunner.call(DefaultBuildOperationRunner.java:54)
	at org.gradle.workers.internal.AbstractWorker.executeWrappedInBuildOperation(AbstractWorker.java:41)
	at org.gradle.workers.internal.NoIsolationWorkerFactory$1.execute(NoIsolationWorkerFactory.java:59)
	at org.gradle.workers.internal.DefaultWorkerExecutor.lambda$submitWork$0(DefaultWorkerExecutor.java:174)
	at java.base/java.util.concurrent.FutureTask.run(Unknown Source)
	at org.gradle.internal.work.DefaultConditionalExecutionQueue$ExecutionRunner.runExecution(DefaultConditionalExecutionQueue.java:194)
	at org.gradle.internal.work.DefaultConditionalExecutionQueue$ExecutionRunner.access$700(DefaultConditionalExecutionQueue.java:127)
	at org.gradle.internal.work.DefaultConditionalExecutionQueue$ExecutionRunner$1.run(DefaultConditionalExecutionQueue.java:169)
	at org.gradle.internal.Factories$1.create(Factories.java:31)
	at org.gradle.internal.work.DefaultWorkerLeaseService.withLocks(DefaultWorkerLeaseService.java:263)
	at org.gradle.internal.work.DefaultWorkerLeaseService.runAsWorkerThread(DefaultWorkerLeaseService.java:127)
	at org.gradle.internal.work.DefaultWorkerLeaseService.runAsWorkerThread(DefaultWorkerLeaseService.java:132)
	at org.gradle.internal.work.DefaultConditionalExecutionQueue$ExecutionRunner.runBatch(DefaultConditionalExecutionQueue.java:164)
	at org.gradle.internal.work.DefaultConditionalExecutionQueue$ExecutionRunner.run(DefaultConditionalExecutionQueue.java:133)
	at java.base/java.util.concurrent.Executors$RunnableAdapter.call(Unknown Source)
	at java.base/java.util.concurrent.FutureTask.run(Unknown Source)
	at org.gradle.internal.concurrent.ExecutorPolicy$CatchAndRecordFailures.onExecute(ExecutorPolicy.java:64)
	at org.gradle.internal.concurrent.AbstractManagedExecutor$1.run(AbstractManagedExecutor.java:48)
	at java.base/java.util.concurrent.ThreadPoolExecutor.runWorker(Unknown Source)
	at java.base/java.util.concurrent.ThreadPoolExecutor$Worker.run(Unknown Source)
	at java.base/java.lang.Thread.run(Unknown Source)


